<?xml version="1.0" encoding="UTF-8"?>
<!-- Generated by org.testng.reporters.JUnitReportReporter -->
<testsuite skipped="0" hostname="JOEPC" name="testNGConcepts.SampletTestNG" tests="1" failures="0" timestamp="29 Jul 2020 21:05:00 GMT" time="5.274" errors="0">
  <testcase name="invokeApplication" time="5.274" classname="testNGConcepts.SampletTestNG"/>
</testsuite> <!-- testNGConcepts.SampletTestNG -->
